<?xml version="1.0" encoding="UTF-8"?>
<!-- Generated by org.testng.reporters.JUnitReportReporter -->
<testsuite hostname="LAPTOP-C7EHRFH9" failures="0" tests="1" name="testngCrossbrowsrparallelExecu.parallelclass2" time="4.081" errors="0" timestamp="2023-05-19T23:52:05 IST" skipped="0">
  <testcase classname="testngCrossbrowsrparallelExecu.parallelclass2" name="goog" time="4.081"/>
  <system-out/>
</testsuite> <!-- testngCrossbrowsrparallelExecu.parallelclass2 -->
