<?xml version="1.0" encoding="UTF-8"?>
<!-- Generated by org.testng.reporters.JUnitReportReporter -->
<testsuite hostname="LAPTOP-C7EHRFH9" failures="0" tests="2" name="batchExecution.BatchExecution" time="0.014" errors="0" timestamp="2023-05-14T16:40:00 IST" skipped="0">
  <testcase classname="batchExecution.BatchExecution" name="tc1" time="0.010"/>
  <system-out/>
  <testcase classname="batchExecution.BatchExecution" name="tc2" time="0.004"/>
  <system-out/>
</testsuite> <!-- batchExecution.BatchExecution -->
