<?xml version="1.0" encoding="UTF-8"?>
<!-- Generated by org.testng.reporters.JUnitReportReporter -->
<testsuite hostname="LAPTOP-C7EHRFH9" failures="0" tests="3" name="testNG.PrioritizeTestcase" time="0.014" errors="0" timestamp="2023-05-11T11:58:57 IST" skipped="0">
  <testcase classname="testNG.PrioritizeTestcase" name="demo3" time="0.012"/>
  <system-out>
    <![CDATA[d3]]>
  </system-out>
  <testcase classname="testNG.PrioritizeTestcase" name="demo1" time="0.002"/>
  <system-out>
    <![CDATA[d]]>
  </system-out>
  <testcase classname="testNG.PrioritizeTestcase" name="demo2" time="0.000"/>
  <system-out>
    <![CDATA[d2]]>
  </system-out>
</testsuite> <!-- testNG.PrioritizeTestcase -->
