<?xml version="1.0" encoding="UTF-8"?>
<!-- Generated by org.testng.reporters.JUnitReportReporter -->
<testsuite hostname="LAPTOP-C7EHRFH9" failures="0" tests="6" name="testNG.invocPriority" time="0.018" errors="0" timestamp="2023-05-12T11:14:31 IST" skipped="2">
  <testcase classname="testNG.invocPriority" name="testcase1" time="0.003"/>
  <system-out/>
  <testcase classname="testNG.invocPriority" name="testcase1" time="0.001"/>
  <system-out/>
  <testcase classname="testNG.invocPriority" name="testcase1" time="0.012"/>
  <system-out/>
  <testcase classname="testNG.invocPriority" name="testcase5" time="0.002"/>
  <system-out/>
  <testcase classname="testNG.invocPriority" name="testcase2">
    <skipped/>
  </testcase> <!-- testcase2 -->
  <system-out/>
  <testcase classname="testNG.invocPriority" name="testcase3">
    <skipped/>
  </testcase> <!-- testcase3 -->
  <system-out/>
</testsuite> <!-- testNG.invocPriority -->
