<?xml version="1.0" encoding="UTF-8"?>
<!-- Generated by org.testng.reporters.JUnitReportReporter -->
<testsuite hostname="LAPTOP-C7EHRFH9" failures="0" tests="1" name="batchExecution.TestClass2" time="0.002" errors="0" timestamp="2023-05-13T12:01:33 IST" skipped="0">
  <testcase classname="batchExecution.TestClass2" name="test1" time="0.002"/>
  <system-out/>
</testsuite> <!-- batchExecution.TestClass2 -->
