<?xml version="1.0" encoding="UTF-8"?>
<!-- Generated by org.testng.reporters.JUnitReportReporter -->
<testsuite hostname="LAPTOP-C7EHRFH9" failures="0" tests="2" name="batchExecution.TestClass3" time="0.004" errors="0" timestamp="2023-05-13T12:01:33 IST" skipped="0">
  <testcase classname="batchExecution.TestClass3" name="test1" time="0.002"/>
  <system-out/>
  <testcase classname="batchExecution.TestClass3" name="test2" time="0.002"/>
  <system-out/>
</testsuite> <!-- batchExecution.TestClass3 -->
