<?xml version="1.0" encoding="UTF-8"?>
<!-- Generated by org.testng.reporters.JUnitReportReporter -->
<testsuite hostname="LAPTOP-C7EHRFH9" failures="0" tests="1" name="practise.A" time="4.503" errors="0" timestamp="2023-05-22T13:26:19 IST" skipped="0">
  <testcase classname="practise.A" name="goog" time="4.503"/>
  <system-out/>
</testsuite> <!-- practise.A -->
