<?xml version="1.0" encoding="UTF-8"?>
<!-- Generated by org.testng.reporters.JUnitReportReporter -->
<testsuite hostname="LAPTOP-C7EHRFH9" failures="0" tests="1" name="batchExecution.TestClass1" time="0.019" errors="0" timestamp="2023-05-14T14:14:29 IST" skipped="0">
  <testcase classname="batchExecution.TestClass1" name="tc1" time="0.019"/>
  <system-out>
    <![CDATA[@Test]]>
  </system-out>
</testsuite> <!-- batchExecution.TestClass1 -->
