<?xml version="1.0" encoding="UTF-8"?>
<!-- Generated by org.testng.reporters.JUnitReportReporter -->
<testsuite hostname="LAPTOP-C7EHRFH9" failures="0" tests="6" name="testNG.invocationcount" time="0.022" errors="0" timestamp="2023-05-11T12:20:01 IST" skipped="0">
  <testcase classname="testNG.invocationcount" name="demo1" time="0.003"/>
  <system-out>
    <![CDATA[gold for  first]]>
  </system-out>
  <testcase classname="testNG.invocationcount" name="demo3" time="0.001"/>
  <system-out>
    <![CDATA[bronze for third]]>
  </system-out>
  <testcase classname="testNG.invocationcount" name="demo1" time="0.014"/>
  <system-out>
    <![CDATA[gold for  first]]>
  </system-out>
  <testcase classname="testNG.invocationcount" name="demo3" time="0.001"/>
  <system-out>
    <![CDATA[bronze for third]]>
  </system-out>
  <testcase classname="testNG.invocationcount" name="demo3" time="0.002"/>
  <system-out>
    <![CDATA[bronze for third]]>
  </system-out>
  <testcase classname="testNG.invocationcount" name="demo3" time="0.001"/>
  <system-out>
    <![CDATA[bronze for third]]>
  </system-out>
</testsuite> <!-- testNG.invocationcount -->
