<?xml version="1.0" encoding="UTF-8"?>
<!-- Generated by org.testng.reporters.JUnitReportReporter -->
<testsuite hostname="LAPTOP-C7EHRFH9" failures="0" tests="1" name="testNG.sampleTest" time="0.013" errors="0" timestamp="2023-05-11T11:34:15 IST" skipped="0">
  <testcase classname="testNG.sampleTest" name="demo" time="0.013"/>
  <system-out>
    <![CDATA[Hello world]]>
  </system-out>
</testsuite> <!-- testNG.sampleTest -->
