<?xml version="1.0" encoding="UTF-8"?>
<!-- Generated by org.testng.reporters.JUnitReportReporter -->
<testsuite hostname="LAPTOP-C7EHRFH9" failures="0" tests="1" name="assignament.exe2" time="0.094" errors="0" timestamp="2023-05-25T15:14:23 IST" skipped="0">
  <testcase classname="assignament.exe2" name="exe" time="0.094"/>
  <system-out/>
</testsuite> <!-- assignament.exe2 -->
