<?xml version="1.0" encoding="UTF-8"?>
<!-- Generated by org.testng.reporters.JUnitReportReporter -->
<testsuite hostname="LAPTOP-C7EHRFH9" failures="0" tests="2" name="testngCrossbrowsrparallelExecu.parallelClas" time="21.657" errors="0" timestamp="2023-05-19T23:52:05 IST" skipped="0">
  <testcase classname="testngCrossbrowsrparallelExecu.parallelClas" name="birthcerti" time="10.925"/>
  <system-out/>
  <testcase classname="testngCrossbrowsrparallelExecu.parallelClas" name="flip" time="10.732"/>
  <system-out/>
</testsuite> <!-- testngCrossbrowsrparallelExecu.parallelClas -->
