<?xml version="1.0" encoding="UTF-8"?>
<!-- Generated by org.testng.reporters.JUnitReportReporter -->
<testsuite hostname="LAPTOP-C7EHRFH9" failures="0" tests="1" name="TestNgbatchExecution.batchExe2" time="0.008" errors="0" timestamp="2023-05-18T11:45:17 IST" skipped="0">
  <testcase classname="TestNgbatchExecution.batchExe2" name="test3" time="0.008"/>
  <system-out/>
</testsuite> <!-- TestNgbatchExecution.batchExe2 -->
