<?xml version="1.0" encoding="UTF-8"?>
<!-- Generated by org.testng.reporters.JUnitReportReporter -->
<testsuite hostname="LAPTOP-C7EHRFH9" failures="0" tests="2" name="TestnggroupExecution.Test2" time="0.004" errors="0" timestamp="2023-05-19T23:50:50 IST" skipped="0">
  <testcase classname="TestnggroupExecution.Test2" name="tc1" time="0.002"/>
  <system-out/>
  <testcase classname="TestnggroupExecution.Test2" name="tc3" time="0.002"/>
  <system-out/>
</testsuite> <!-- TestnggroupExecution.Test2 -->
