<?xml version="1.0" encoding="UTF-8"?>
<!-- Generated by org.testng.reporters.JUnitReportReporter -->
<testsuite hostname="LAPTOP-C7EHRFH9" failures="0" tests="3" name="dataproviders.dataproviderPractice" time="0.015" errors="0" timestamp="2023-05-20T12:12:21 IST" skipped="0">
  <testcase classname="dataproviders.dataproviderPractice" name="ticketBookingTest" time="0.002"/>
  <system-out/>
  <testcase classname="dataproviders.dataproviderPractice" name="ticketBookingTest" time="0.003"/>
  <system-out/>
  <testcase classname="dataproviders.dataproviderPractice" name="ticketBookingTest" time="0.010"/>
  <system-out/>
</testsuite> <!-- dataproviders.dataproviderPractice -->
