<?xml version="1.0" encoding="UTF-8"?>
<!-- Generated by org.testng.reporters.JUnitReportReporter -->
<testsuite hostname="LAPTOP-C7EHRFH9" failures="0" tests="3" name="basics.practic100" time="0.009" errors="0" timestamp="2023-05-14T13:31:27 IST" skipped="0">
  <testcase classname="basics.practic100" name="bronze" time="0.007"/>
  <system-out/>
  <testcase classname="basics.practic100" name="silver" time="0.001"/>
  <system-out/>
  <testcase classname="basics.practic100" name="gold" time="0.001"/>
  <system-out/>
</testsuite> <!-- basics.practic100 -->
