<?xml version="1.0" encoding="UTF-8"?>
<!-- Generated by org.testng.reporters.JUnitReportReporter -->
<testsuite hostname="LAPTOP-C7EHRFH9" failures="0" tests="2" name="TestNgbatchExecution.BatchExecution" time="0.006" errors="0" timestamp="2023-05-18T11:45:17 IST" skipped="0">
  <testcase classname="TestNgbatchExecution.BatchExecution" name="tc1" time="0.003"/>
  <system-out/>
  <testcase classname="TestNgbatchExecution.BatchExecution" name="tc2" time="0.003"/>
  <system-out/>
</testsuite> <!-- TestNgbatchExecution.BatchExecution -->
