<?xml version="1.0" encoding="UTF-8"?>
<!-- Generated by org.testng.reporters.JUnitReportReporter -->
<testsuite hostname="LAPTOP-C7EHRFH9" failures="0" tests="2" name="batchExecution.TestClass100" time="0.012" errors="0" timestamp="2023-05-14T16:20:56 IST" skipped="0">
  <testcase classname="batchExecution.TestClass100" name="tc1" time="0.009"/>
  <system-out/>
  <testcase classname="batchExecution.TestClass100" name="tc2" time="0.003"/>
  <system-out/>
</testsuite> <!-- batchExecution.TestClass100 -->
