<?xml version="1.0" encoding="UTF-8"?>
<!-- Generated by org.testng.reporters.JUnitReportReporter -->
<testsuite hostname="LAPTOP-C7EHRFH9" failures="0" tests="2" name="testNG.DependencyBtwMethod" time="25.265" errors="0" timestamp="2023-05-12T11:45:38 IST" skipped="0">
  <testcase classname="testNG.DependencyBtwMethod" name="ActitimeNavigate" time="11.713"/>
  <system-out/>
  <testcase classname="testNG.DependencyBtwMethod" name="loginActi" time="13.552"/>
  <system-out/>
</testsuite> <!-- testNG.DependencyBtwMethod -->
