<?xml version="1.0" encoding="UTF-8"?>
<!-- Generated by org.testng.reporters.JUnitReportReporter -->
<testsuite hostname="LAPTOP-C7EHRFH9" failures="0" tests="3" name="testNG.practice" time="0.012" errors="0" timestamp="2023-05-14T13:38:15 IST" skipped="0">
  <testcase classname="testNG.practice" name="bronze" time="0.007"/>
  <system-out/>
  <testcase classname="testNG.practice" name="gold" time="0.002"/>
  <system-out/>
  <testcase classname="testNG.practice" name="silver" time="0.003"/>
  <system-out/>
</testsuite> <!-- testNG.practice -->
